<?xml version="1.0" encoding="UTF-8"?>
<!-- Generated by org.testng.reporters.JUnitReportReporter -->
<testsuite hostname="SATALAMA-LAP" failures="0" tests="1" name="testng.suite1" time="0.039" errors="0" timestamp="2021-08-12T15:29:25 IST" skipped="0">
  <testcase classname="testng.suite1" name="test1" time="0.039"/>
  <system-out/>
</testsuite> <!-- testng.suite1 -->
